        -:    0:Source:ratp.c
        -:    0:Graph:ratp.gcno
        -:    0:Data:ratp.gcda
        -:    0:Runs:1
        -:    1:static const float Price = 1.2;
function computePrice called 2 returned 100% blocks executed 50%
        2:    2:float computePrice(int age, int tourist)
        -:    3:{
        2:    4:    if (age>12)
branch  0 taken 2 (fallthrough)
branch  1 taken 0
        -:    5:    {
        2:    6:        if (tourist)
branch  0 taken 0 (fallthrough)
branch  1 taken 2
    #####:    7:            return Price*2;
        2:    8:        return Price;
        -:    9:    }
        -:   10:    else 
        -:   11:    {
    #####:   12:        if (tourist)
branch  0 never executed
branch  1 never executed
    #####:   13:            return Price;
    #####:   14:        return Price/2;
        -:   15:    }
        -:   16:}
